2022-02-05 02:00:19,777 ERROR [logger.Log] click_hover_menu() FAILED with cause : null
2022-02-05 02:05:45,876 ERROR [logger.Log] click_hover_menu() FAILED with cause : null
2022-02-05 02:07:30,933 ERROR [logger.Log] click_hover_menu() FAILED with cause : Not on a hover menu! ==> expected: <true> but was: <false>
2022-02-05 02:23:17,434 ERROR [Log] click_hover_menu() FAILED with cause : Expected condition failed: waiting for visibility of element located by By.xpath: //span[text()="MLM"] (tried for 12 second(s) with 500 milliseconds interval)
Build info: version: '3.141.59', revision: 'e82be7d358', time: '2018-11-14T08:17:03'
System info: host: 'KILLERDEADPOOL', ip: '192.168.72.2', os.name: 'Windows 10', os.arch: 'amd64', os.version: '10.0', java.version: '14.0.1'
Driver info: org.openqa.selenium.chrome.ChromeDriver
Capabilities {acceptInsecureCerts: false, browserName: chrome, browserVersion: 98.0.4758.81, chrome: {chromedriverVersion: 98.0.4758.80 (7f0488e8ba0d8..., userDataDir: C:\Users\Burak\AppData\Loca...}, goog:chromeOptions: {debuggerAddress: localhost:65073}, javascriptEnabled: true, networkConnectionEnabled: false, pageLoadStrategy: normal, platform: WINDOWS, platformName: WINDOWS, proxy: Proxy(), setWindowRect: true, strictFileInteractability: false, timeouts: {implicit: 0, pageLoad: 300000, script: 30000}, unhandledPromptBehavior: dismiss and notify, webauthn:extension:credBlob: true, webauthn:extension:largeBlob: true, webauthn:virtualAuthenticators: true}
Session ID: 0ca389047c4adea4343c9c9f4e83b61d 
2022-02-05 02:25:57,885 INFO  [Log] click_hover_menu() PASSED 
2022-02-05 02:27:21,262 ERROR [Log] click_hover_menu() FAILED with cause : null 
2022-02-05 02:28:55,952 INFO  [Log] click_hover_menu() PASSED 
2022-02-05 02:47:23,551 INFO  [Log] click_hover_menu() PASSED 
2022-02-05 02:47:41,110 INFO  [Log] click_a_item() PASSED 
2022-02-05 02:47:41,248 ERROR [Log] click_shop_now() FAILED with cause : null 
2022-02-05 02:47:42,144 ERROR [Log] add_product_to_cart() FAILED with cause : null 
2022-02-05 02:47:42,147 ERROR [Log] view_cart() FAILED with cause : null 
2022-02-05 02:49:51,853 INFO  [Log] click_hover_menu() PASSED 
2022-02-05 02:50:03,082 INFO  [Log] click_a_item() PASSED 
2022-02-05 02:50:03,291 ERROR [Log] click_shop_now() FAILED with cause : null 
2022-02-05 02:50:03,539 ERROR [Log] add_product_to_cart() FAILED with cause : null 
2022-02-05 02:50:03,554 ERROR [Log] view_cart() FAILED with cause : null 
2022-02-05 02:51:10,696 INFO  [Log] click_hover_menu() PASSED 
2022-02-05 02:52:04,553 INFO  [Log] click_hover_menu() PASSED 
2022-02-05 02:52:09,795 INFO  [Log] click_a_item() PASSED 
2022-02-05 02:53:01,570 ERROR [Log] click_shop_now() FAILED with cause : null 
2022-02-05 02:53:01,834 ERROR [Log] add_product_to_cart() FAILED with cause : null 
2022-02-05 02:53:01,839 ERROR [Log] view_cart() FAILED with cause : null 
2022-02-05 03:01:01,583 ERROR [Log] click_hover_menu() FAILED with cause : Not on a hover menu! ==> expected: <true> but was: <false> 
2022-02-05 03:01:14,532 INFO  [Log] click_a_item() PASSED 
2022-02-05 03:01:18,422 INFO  [Log] click_shop_now() PASSED 
2022-02-05 03:01:18,912 ERROR [Log] add_product_to_cart() FAILED with cause : no such element: Unable to locate element: {"method":"css selector","selector":"#plus_qty"}
  (Session info: chrome=98.0.4758.81)
For documentation on this error, please visit: https://www.seleniumhq.org/exceptions/no_such_element.html
Build info: version: '3.141.59', revision: 'e82be7d358', time: '2018-11-14T08:17:03'
System info: host: 'KILLERDEADPOOL', ip: '192.168.72.2', os.name: 'Windows 10', os.arch: 'amd64', os.version: '10.0', java.version: '14.0.1'
Driver info: org.openqa.selenium.chrome.ChromeDriver
Capabilities {acceptInsecureCerts: false, browserName: chrome, browserVersion: 98.0.4758.81, chrome: {chromedriverVersion: 98.0.4758.80 (7f0488e8ba0d8..., userDataDir: C:\Users\Burak\AppData\Loca...}, goog:chromeOptions: {debuggerAddress: localhost:52480}, javascriptEnabled: true, networkConnectionEnabled: false, pageLoadStrategy: normal, platform: WINDOWS, platformName: WINDOWS, proxy: Proxy(), setWindowRect: true, strictFileInteractability: false, timeouts: {implicit: 0, pageLoad: 300000, script: 30000}, unhandledPromptBehavior: dismiss and notify, webauthn:extension:credBlob: true, webauthn:extension:largeBlob: true, webauthn:virtualAuthenticators: true}
Session ID: f6fc354ad64394b0f80507782436d4f3
*** Element info: {Using=id, value=plus_qty} 
2022-02-05 03:01:20,186 ERROR [Log] view_cart() FAILED with cause : no such element: Unable to locate element: {"method":"xpath","selector":"//*[text()='View Cart']"}
  (Session info: chrome=98.0.4758.81)
For documentation on this error, please visit: https://www.seleniumhq.org/exceptions/no_such_element.html
Build info: version: '3.141.59', revision: 'e82be7d358', time: '2018-11-14T08:17:03'
System info: host: 'KILLERDEADPOOL', ip: '192.168.72.2', os.name: 'Windows 10', os.arch: 'amd64', os.version: '10.0', java.version: '14.0.1'
Driver info: org.openqa.selenium.chrome.ChromeDriver
Capabilities {acceptInsecureCerts: false, browserName: chrome, browserVersion: 98.0.4758.81, chrome: {chromedriverVersion: 98.0.4758.80 (7f0488e8ba0d8..., userDataDir: C:\Users\Burak\AppData\Loca...}, goog:chromeOptions: {debuggerAddress: localhost:52480}, javascriptEnabled: true, networkConnectionEnabled: false, pageLoadStrategy: normal, platform: WINDOWS, platformName: WINDOWS, proxy: Proxy(), setWindowRect: true, strictFileInteractability: false, timeouts: {implicit: 0, pageLoad: 300000, script: 30000}, unhandledPromptBehavior: dismiss and notify, webauthn:extension:credBlob: true, webauthn:extension:largeBlob: true, webauthn:virtualAuthenticators: true}
Session ID: f6fc354ad64394b0f80507782436d4f3
*** Element info: {Using=xpath, value=//*[text()='View Cart']} 
2022-02-05 03:03:51,037 INFO  [Log] click_hover_menu() PASSED 
2022-02-05 03:03:59,345 INFO  [Log] click_a_item() PASSED 
2022-02-05 03:04:10,627 INFO  [Log] click_shop_now() PASSED 
2022-02-05 03:06:20,766 INFO  [Log] click_hover_menu() PASSED 
2022-02-05 03:06:32,451 INFO  [Log] click_a_item() PASSED 
2022-02-05 03:06:35,288 INFO  [Log] click_shop_now() PASSED 
2022-02-05 03:10:04,118 INFO  [Log] click_hover_menu() PASSED 
2022-02-05 03:10:11,072 INFO  [Log] click_a_item() PASSED 
2022-02-05 03:10:13,774 INFO  [Log] click_shop_now() PASSED 
2022-02-05 03:10:14,405 ERROR [Log] add_product_to_cart() FAILED with cause : no such element: Unable to locate element: {"method":"css selector","selector":"#plus_qty"}
  (Session info: chrome=98.0.4758.81)
For documentation on this error, please visit: https://www.seleniumhq.org/exceptions/no_such_element.html
Build info: version: '3.141.59', revision: 'e82be7d358', time: '2018-11-14T08:17:03'
System info: host: 'KILLERDEADPOOL', ip: '192.168.72.2', os.name: 'Windows 10', os.arch: 'amd64', os.version: '10.0', java.version: '14.0.1'
Driver info: org.openqa.selenium.chrome.ChromeDriver
Capabilities {acceptInsecureCerts: false, browserName: chrome, browserVersion: 98.0.4758.81, chrome: {chromedriverVersion: 98.0.4758.80 (7f0488e8ba0d8..., userDataDir: C:\Users\Burak\AppData\Loca...}, goog:chromeOptions: {debuggerAddress: localhost:53828}, javascriptEnabled: true, networkConnectionEnabled: false, pageLoadStrategy: normal, platform: WINDOWS, platformName: WINDOWS, proxy: Proxy(), setWindowRect: true, strictFileInteractability: false, timeouts: {implicit: 0, pageLoad: 300000, script: 30000}, unhandledPromptBehavior: dismiss and notify, webauthn:extension:credBlob: true, webauthn:extension:largeBlob: true, webauthn:virtualAuthenticators: true}
Session ID: 8d26c0d64efa49ec4b81436f9d863358
*** Element info: {Using=id, value=plus_qty} 
2022-02-05 03:10:19,611 ERROR [Log] view_cart() FAILED with cause : no such element: Unable to locate element: {"method":"xpath","selector":"//*[text()='View Cart']"}
  (Session info: chrome=98.0.4758.81)
For documentation on this error, please visit: https://www.seleniumhq.org/exceptions/no_such_element.html
Build info: version: '3.141.59', revision: 'e82be7d358', time: '2018-11-14T08:17:03'
System info: host: 'KILLERDEADPOOL', ip: '192.168.72.2', os.name: 'Windows 10', os.arch: 'amd64', os.version: '10.0', java.version: '14.0.1'
Driver info: org.openqa.selenium.chrome.ChromeDriver
Capabilities {acceptInsecureCerts: false, browserName: chrome, browserVersion: 98.0.4758.81, chrome: {chromedriverVersion: 98.0.4758.80 (7f0488e8ba0d8..., userDataDir: C:\Users\Burak\AppData\Loca...}, goog:chromeOptions: {debuggerAddress: localhost:53828}, javascriptEnabled: true, networkConnectionEnabled: false, pageLoadStrategy: normal, platform: WINDOWS, platformName: WINDOWS, proxy: Proxy(), setWindowRect: true, strictFileInteractability: false, timeouts: {implicit: 0, pageLoad: 300000, script: 30000}, unhandledPromptBehavior: dismiss and notify, webauthn:extension:credBlob: true, webauthn:extension:largeBlob: true, webauthn:virtualAuthenticators: true}
Session ID: 8d26c0d64efa49ec4b81436f9d863358
*** Element info: {Using=xpath, value=//*[text()='View Cart']} 
2022-02-05 03:12:29,232 INFO  [Log] click_hover_menu() PASSED 
2022-02-05 03:12:45,800 INFO  [Log] click_a_item() PASSED 
2022-02-05 03:12:55,668 INFO  [Log] click_shop_now() PASSED 
2022-02-05 03:13:09,008 INFO  [Log] add_product_to_cart() PASSED 
2022-02-05 03:13:13,867 INFO  [Log] view_cart() PASSED 
2022-02-06 01:35:06,975 INFO  [Log] click_hover_menu() PASSED 
2022-02-06 01:35:19,399 INFO  [Log] click_a_item() PASSED 
2022-02-06 01:35:25,129 INFO  [Log] click_shop_now() PASSED 
2022-02-06 01:35:25,189 ERROR [Log] add_product_to_cart() FAILED with cause : no such element: Unable to locate element: {"method":"xpath","selector":"//*[@id='plus_qty']"}
  (Session info: chrome=98.0.4758.81)
For documentation on this error, please visit: https://www.seleniumhq.org/exceptions/no_such_element.html
Build info: version: '3.141.59', revision: 'e82be7d358', time: '2018-11-14T08:17:03'
System info: host: 'KILLERDEADPOOL', ip: '192.168.72.2', os.name: 'Windows 10', os.arch: 'amd64', os.version: '10.0', java.version: '14.0.1'
Driver info: org.openqa.selenium.chrome.ChromeDriver
Capabilities {acceptInsecureCerts: false, browserName: chrome, browserVersion: 98.0.4758.81, chrome: {chromedriverVersion: 98.0.4758.80 (7f0488e8ba0d8..., userDataDir: C:\Users\Burak\AppData\Loca...}, goog:chromeOptions: {debuggerAddress: localhost:64262}, javascriptEnabled: true, networkConnectionEnabled: false, pageLoadStrategy: normal, platform: WINDOWS, platformName: WINDOWS, proxy: Proxy(), setWindowRect: true, strictFileInteractability: false, timeouts: {implicit: 0, pageLoad: 300000, script: 30000}, unhandledPromptBehavior: dismiss and notify, webauthn:extension:credBlob: true, webauthn:extension:largeBlob: true, webauthn:virtualAuthenticators: true}
Session ID: 1ee3676e2efe0bd5c0a6ab16084a2ea2
*** Element info: {Using=xpath, value=//*[@id='plus_qty']} 
2022-02-06 01:35:25,372 ERROR [Log] view_cart() FAILED with cause : no such element: Unable to locate element: {"method":"xpath","selector":"//*[text()='View Cart']"}
  (Session info: chrome=98.0.4758.81)
For documentation on this error, please visit: https://www.seleniumhq.org/exceptions/no_such_element.html
Build info: version: '3.141.59', revision: 'e82be7d358', time: '2018-11-14T08:17:03'
System info: host: 'KILLERDEADPOOL', ip: '192.168.72.2', os.name: 'Windows 10', os.arch: 'amd64', os.version: '10.0', java.version: '14.0.1'
Driver info: org.openqa.selenium.chrome.ChromeDriver
Capabilities {acceptInsecureCerts: false, browserName: chrome, browserVersion: 98.0.4758.81, chrome: {chromedriverVersion: 98.0.4758.80 (7f0488e8ba0d8..., userDataDir: C:\Users\Burak\AppData\Loca...}, goog:chromeOptions: {debuggerAddress: localhost:64262}, javascriptEnabled: true, networkConnectionEnabled: false, pageLoadStrategy: normal, platform: WINDOWS, platformName: WINDOWS, proxy: Proxy(), setWindowRect: true, strictFileInteractability: false, timeouts: {implicit: 0, pageLoad: 300000, script: 30000}, unhandledPromptBehavior: dismiss and notify, webauthn:extension:credBlob: true, webauthn:extension:largeBlob: true, webauthn:virtualAuthenticators: true}
Session ID: 1ee3676e2efe0bd5c0a6ab16084a2ea2
*** Element info: {Using=xpath, value=//*[text()='View Cart']} 
2022-02-06 01:35:25,377 INFO  [Log] coupon() PASSED 
2022-02-06 01:37:07,923 INFO  [Log] click_hover_menu() PASSED 
2022-02-06 01:37:18,469 INFO  [Log] click_a_item() PASSED 
2022-02-06 01:37:23,174 INFO  [Log] click_shop_now() PASSED 
2022-02-06 01:44:42,183 INFO  [Log] click_hover_menu() PASSED 
2022-02-06 01:44:53,440 INFO  [Log] click_a_item() PASSED 
2022-02-06 01:44:57,074 INFO  [Log] click_shop_now() PASSED 
2022-02-06 01:46:16,454 INFO  [Log] click_hover_menu() PASSED 
2022-02-06 01:46:22,123 INFO  [Log] click_a_item() PASSED 
2022-02-06 01:46:25,019 INFO  [Log] click_shop_now() PASSED 
2022-02-06 01:46:41,669 INFO  [Log] add_product_to_cart() PASSED 
2022-02-06 01:46:45,386 INFO  [Log] view_cart() PASSED 
2022-02-06 01:46:45,388 INFO  [Log] coupon() PASSED 
2022-02-06 01:50:41,673 INFO  [Log] click_hover_menu() PASSED 
2022-02-06 01:50:51,784 INFO  [Log] click_a_item() PASSED 
2022-02-06 01:50:56,962 INFO  [Log] click_shop_now() PASSED 
2022-02-06 01:51:13,109 INFO  [Log] add_product_to_cart() PASSED 
2022-02-06 01:51:18,249 INFO  [Log] view_cart() PASSED 
2022-02-06 01:51:18,250 INFO  [Log] coupon() PASSED 
2022-02-06 02:03:07,321 INFO  [Log] click_hover_menu() PASSED 
2022-02-06 02:03:17,339 INFO  [Log] click_a_item() PASSED 
2022-02-06 02:03:21,429 INFO  [Log] click_shop_now() PASSED 
2022-02-06 02:03:38,076 INFO  [Log] add_product_to_cart() PASSED 
2022-02-06 02:03:47,364 INFO  [Log] view_cart() PASSED 
2022-02-06 02:03:53,123 ERROR [Log] apply_coupon() FAILED with cause : no such element: Unable to locate element: {"method":"xpath","selector":"//*[@class='woocommerce-error']"}
  (Session info: chrome=98.0.4758.81)
For documentation on this error, please visit: https://www.seleniumhq.org/exceptions/no_such_element.html
Build info: version: '3.141.59', revision: 'e82be7d358', time: '2018-11-14T08:17:03'
System info: host: 'KILLERDEADPOOL', ip: '192.168.72.2', os.name: 'Windows 10', os.arch: 'amd64', os.version: '10.0', java.version: '14.0.1'
Driver info: org.openqa.selenium.chrome.ChromeDriver
Capabilities {acceptInsecureCerts: false, browserName: chrome, browserVersion: 98.0.4758.81, chrome: {chromedriverVersion: 98.0.4758.80 (7f0488e8ba0d8..., userDataDir: C:\Users\Burak\AppData\Loca...}, goog:chromeOptions: {debuggerAddress: localhost:50982}, javascriptEnabled: true, networkConnectionEnabled: false, pageLoadStrategy: normal, platform: WINDOWS, platformName: WINDOWS, proxy: Proxy(), setWindowRect: true, strictFileInteractability: false, timeouts: {implicit: 0, pageLoad: 300000, script: 30000}, unhandledPromptBehavior: dismiss and notify, webauthn:extension:credBlob: true, webauthn:extension:largeBlob: true, webauthn:virtualAuthenticators: true}
Session ID: b43b76243c21db9429c1e354fd4a2240
*** Element info: {Using=xpath, value=//*[@class='woocommerce-error']} 
2022-02-06 02:09:08,775 INFO  [Log] click_hover_menu() PASSED 
2022-02-06 02:09:28,849 INFO  [Log] click_a_item() PASSED 
2022-02-06 02:09:45,109 INFO  [Log] click_shop_now() PASSED 
2022-02-06 02:10:04,645 INFO  [Log] add_product_to_cart() PASSED 
2022-02-06 02:10:09,802 INFO  [Log] view_cart() PASSED 
2022-02-06 02:10:17,850 ERROR [Log] apply_coupon() FAILED with cause : no such element: Unable to locate element: {"method":"xpath","selector":"//*[contains(text(),'does not exist!')]"}
  (Session info: chrome=98.0.4758.81)
For documentation on this error, please visit: https://www.seleniumhq.org/exceptions/no_such_element.html
Build info: version: '3.141.59', revision: 'e82be7d358', time: '2018-11-14T08:17:03'
System info: host: 'KILLERDEADPOOL', ip: '192.168.72.2', os.name: 'Windows 10', os.arch: 'amd64', os.version: '10.0', java.version: '14.0.1'
Driver info: org.openqa.selenium.chrome.ChromeDriver
Capabilities {acceptInsecureCerts: false, browserName: chrome, browserVersion: 98.0.4758.81, chrome: {chromedriverVersion: 98.0.4758.80 (7f0488e8ba0d8..., userDataDir: C:\Users\Burak\AppData\Loca...}, goog:chromeOptions: {debuggerAddress: localhost:52923}, javascriptEnabled: true, networkConnectionEnabled: false, pageLoadStrategy: normal, platform: WINDOWS, platformName: WINDOWS, proxy: Proxy(), setWindowRect: true, strictFileInteractability: false, timeouts: {implicit: 0, pageLoad: 300000, script: 30000}, unhandledPromptBehavior: dismiss and notify, webauthn:extension:credBlob: true, webauthn:extension:largeBlob: true, webauthn:virtualAuthenticators: true}
Session ID: f961dfa4c10890c9fc8196d90d6a44f6
*** Element info: {Using=xpath, value=//*[contains(text(),'does not exist!')]} 
2022-02-06 02:13:01,266 INFO  [Log] click_hover_menu() PASSED 
2022-02-06 02:13:12,582 INFO  [Log] click_a_item() PASSED 
2022-02-06 02:13:16,363 INFO  [Log] click_shop_now() PASSED 
2022-02-06 02:13:35,376 INFO  [Log] add_product_to_cart() PASSED 
2022-02-06 02:13:44,799 INFO  [Log] view_cart() PASSED 
2022-02-06 02:13:55,447 INFO  [Log] apply_coupon() PASSED 
2022-02-06 02:16:52,655 INFO  [Log] click_hover_menu() PASSED 
2022-02-06 02:16:58,162 INFO  [Log] click_a_item() PASSED 
2022-02-06 02:17:01,227 INFO  [Log] click_shop_now() PASSED 
2022-02-06 02:17:17,234 INFO  [Log] add_product_to_cart() PASSED 
2022-02-06 02:17:26,813 INFO  [Log] view_cart() PASSED 
2022-02-06 02:17:38,127 INFO  [Log] apply_coupon() PASSED 
2022-02-06 19:58:29,258 INFO  [Log] click_hover_menu() PASSED 
2022-02-06 20:39:43,368 INFO  [Log] click_hover_menu() PASSED 
2022-02-06 20:39:55,569 INFO  [Log] click_a_item() PASSED 
2022-02-06 20:39:55,706 ERROR [Log] click_shop_now() FAILED with cause : Not a correct url! ==> expected: <true> but was: <false> 
2022-02-06 20:40:03,633 ERROR [Log] add_product_to_cart() FAILED with cause : no such element: Unable to locate element: {"method":"xpath","selector":"//*[@class='single_add_to_cart_button button alt']"}
  (Session info: chrome=98.0.4758.81)
For documentation on this error, please visit: https://www.seleniumhq.org/exceptions/no_such_element.html
Build info: version: '3.141.59', revision: 'e82be7d358', time: '2018-11-14T08:17:03'
System info: host: 'KILLERDEADPOOL', ip: '192.168.72.2', os.name: 'Windows 10', os.arch: 'amd64', os.version: '10.0', java.version: '14.0.1'
Driver info: org.openqa.selenium.chrome.ChromeDriver
Capabilities {acceptInsecureCerts: false, browserName: chrome, browserVersion: 98.0.4758.81, chrome: {chromedriverVersion: 98.0.4758.80 (7f0488e8ba0d8..., userDataDir: C:\Users\Burak\AppData\Loca...}, goog:chromeOptions: {debuggerAddress: localhost:65471}, javascriptEnabled: true, networkConnectionEnabled: false, pageLoadStrategy: normal, platform: WINDOWS, platformName: WINDOWS, proxy: Proxy(), setWindowRect: true, strictFileInteractability: false, timeouts: {implicit: 0, pageLoad: 300000, script: 30000}, unhandledPromptBehavior: dismiss and notify, webauthn:extension:credBlob: true, webauthn:extension:largeBlob: true, webauthn:virtualAuthenticators: true}
Session ID: 7eca61a74a46b3912ea79487dc504f55
*** Element info: {Using=xpath, value=//*[@class='single_add_to_cart_button button alt']} 
2022-02-06 20:40:03,740 ERROR [Log] view_cart() FAILED with cause : no such element: Unable to locate element: {"method":"xpath","selector":"//*[text()='View Cart']"}
  (Session info: chrome=98.0.4758.81)
For documentation on this error, please visit: https://www.seleniumhq.org/exceptions/no_such_element.html
Build info: version: '3.141.59', revision: 'e82be7d358', time: '2018-11-14T08:17:03'
System info: host: 'KILLERDEADPOOL', ip: '192.168.72.2', os.name: 'Windows 10', os.arch: 'amd64', os.version: '10.0', java.version: '14.0.1'
Driver info: org.openqa.selenium.chrome.ChromeDriver
Capabilities {acceptInsecureCerts: false, browserName: chrome, browserVersion: 98.0.4758.81, chrome: {chromedriverVersion: 98.0.4758.80 (7f0488e8ba0d8..., userDataDir: C:\Users\Burak\AppData\Loca...}, goog:chromeOptions: {debuggerAddress: localhost:65471}, javascriptEnabled: true, networkConnectionEnabled: false, pageLoadStrategy: normal, platform: WINDOWS, platformName: WINDOWS, proxy: Proxy(), setWindowRect: true, strictFileInteractability: false, timeouts: {implicit: 0, pageLoad: 300000, script: 30000}, unhandledPromptBehavior: dismiss and notify, webauthn:extension:credBlob: true, webauthn:extension:largeBlob: true, webauthn:virtualAuthenticators: true}
Session ID: 7eca61a74a46b3912ea79487dc504f55
*** Element info: {Using=xpath, value=//*[text()='View Cart']} 
2022-02-06 20:40:09,023 ERROR [Log] apply_coupon() FAILED with cause : no such element: Unable to locate element: {"method":"css selector","selector":"#coupon_code"}
  (Session info: chrome=98.0.4758.81)
For documentation on this error, please visit: https://www.seleniumhq.org/exceptions/no_such_element.html
Build info: version: '3.141.59', revision: 'e82be7d358', time: '2018-11-14T08:17:03'
System info: host: 'KILLERDEADPOOL', ip: '192.168.72.2', os.name: 'Windows 10', os.arch: 'amd64', os.version: '10.0', java.version: '14.0.1'
Driver info: org.openqa.selenium.chrome.ChromeDriver
Capabilities {acceptInsecureCerts: false, browserName: chrome, browserVersion: 98.0.4758.81, chrome: {chromedriverVersion: 98.0.4758.80 (7f0488e8ba0d8..., userDataDir: C:\Users\Burak\AppData\Loca...}, goog:chromeOptions: {debuggerAddress: localhost:65471}, javascriptEnabled: true, networkConnectionEnabled: false, pageLoadStrategy: normal, platform: WINDOWS, platformName: WINDOWS, proxy: Proxy(), setWindowRect: true, strictFileInteractability: false, timeouts: {implicit: 0, pageLoad: 300000, script: 30000}, unhandledPromptBehavior: dismiss and notify, webauthn:extension:credBlob: true, webauthn:extension:largeBlob: true, webauthn:virtualAuthenticators: true}
Session ID: 7eca61a74a46b3912ea79487dc504f55
*** Element info: {Using=id, value=coupon_code} 
2022-02-06 20:41:40,426 INFO  [Log] click_hover_menu() PASSED 
2022-02-06 20:41:51,373 INFO  [Log] click_a_item() PASSED 
2022-02-06 20:52:17,298 INFO  [Log] click_shop_now() PASSED 
2022-02-06 20:53:06,383 INFO  [Log] click_hover_menu() PASSED 
2022-02-06 20:53:16,218 INFO  [Log] click_a_item() PASSED 
2022-02-06 20:53:27,270 ERROR [Log] click_shop_now() FAILED with cause : Not a correct url! ==> expected: <true> but was: <false> 
2022-02-06 20:53:44,510 INFO  [Log] add_product_to_cart() PASSED 
2022-02-06 20:53:53,724 INFO  [Log] view_cart() PASSED 
2022-02-06 20:54:04,496 INFO  [Log] apply_coupon() PASSED 
2022-02-06 20:56:32,981 ERROR [Log] click_hover_menu() FAILED with cause : Not on a hover menu! ==> expected: <true> but was: <false> 
2022-02-06 20:56:33,065 ERROR [Log] click_a_item() FAILED with cause : element not interactable
  (Session info: chrome=98.0.4758.81)
Build info: version: '3.141.59', revision: 'e82be7d358', time: '2018-11-14T08:17:03'
System info: host: 'KILLERDEADPOOL', ip: '192.168.72.2', os.name: 'Windows 10', os.arch: 'amd64', os.version: '10.0', java.version: '14.0.1'
Driver info: org.openqa.selenium.chrome.ChromeDriver
Capabilities {acceptInsecureCerts: false, browserName: chrome, browserVersion: 98.0.4758.81, chrome: {chromedriverVersion: 98.0.4758.80 (7f0488e8ba0d8..., userDataDir: C:\Users\Burak\AppData\Loca...}, goog:chromeOptions: {debuggerAddress: localhost:56755}, javascriptEnabled: true, networkConnectionEnabled: false, pageLoadStrategy: normal, platform: WINDOWS, platformName: WINDOWS, proxy: Proxy(), setWindowRect: true, strictFileInteractability: false, timeouts: {implicit: 0, pageLoad: 300000, script: 30000}, unhandledPromptBehavior: dismiss and notify, webauthn:extension:credBlob: true, webauthn:extension:largeBlob: true, webauthn:virtualAuthenticators: true}
Session ID: 70d1a0e2d979603a409a2008d66a4325 
2022-02-06 20:56:33,196 ERROR [Log] click_shop_now() FAILED with cause : no such element: Unable to locate element: {"method":"xpath","selector":"//span[text()='SHOP NOW']"}
  (Session info: chrome=98.0.4758.81)
For documentation on this error, please visit: https://www.seleniumhq.org/exceptions/no_such_element.html
Build info: version: '3.141.59', revision: 'e82be7d358', time: '2018-11-14T08:17:03'
System info: host: 'KILLERDEADPOOL', ip: '192.168.72.2', os.name: 'Windows 10', os.arch: 'amd64', os.version: '10.0', java.version: '14.0.1'
Driver info: org.openqa.selenium.chrome.ChromeDriver
Capabilities {acceptInsecureCerts: false, browserName: chrome, browserVersion: 98.0.4758.81, chrome: {chromedriverVersion: 98.0.4758.80 (7f0488e8ba0d8..., userDataDir: C:\Users\Burak\AppData\Loca...}, goog:chromeOptions: {debuggerAddress: localhost:56755}, javascriptEnabled: true, networkConnectionEnabled: false, pageLoadStrategy: normal, platform: WINDOWS, platformName: WINDOWS, proxy: Proxy(), setWindowRect: true, strictFileInteractability: false, timeouts: {implicit: 0, pageLoad: 300000, script: 30000}, unhandledPromptBehavior: dismiss and notify, webauthn:extension:credBlob: true, webauthn:extension:largeBlob: true, webauthn:virtualAuthenticators: true}
Session ID: 70d1a0e2d979603a409a2008d66a4325
*** Element info: {Using=xpath, value=//span[text()='SHOP NOW']} 
2022-02-06 20:56:38,265 ERROR [Log] add_product_to_cart() FAILED with cause : no such element: Unable to locate element: {"method":"xpath","selector":"//*[@class='single_add_to_cart_button button alt']"}
  (Session info: chrome=98.0.4758.81)
For documentation on this error, please visit: https://www.seleniumhq.org/exceptions/no_such_element.html
Build info: version: '3.141.59', revision: 'e82be7d358', time: '2018-11-14T08:17:03'
System info: host: 'KILLERDEADPOOL', ip: '192.168.72.2', os.name: 'Windows 10', os.arch: 'amd64', os.version: '10.0', java.version: '14.0.1'
Driver info: org.openqa.selenium.chrome.ChromeDriver
Capabilities {acceptInsecureCerts: false, browserName: chrome, browserVersion: 98.0.4758.81, chrome: {chromedriverVersion: 98.0.4758.80 (7f0488e8ba0d8..., userDataDir: C:\Users\Burak\AppData\Loca...}, goog:chromeOptions: {debuggerAddress: localhost:56755}, javascriptEnabled: true, networkConnectionEnabled: false, pageLoadStrategy: normal, platform: WINDOWS, platformName: WINDOWS, proxy: Proxy(), setWindowRect: true, strictFileInteractability: false, timeouts: {implicit: 0, pageLoad: 300000, script: 30000}, unhandledPromptBehavior: dismiss and notify, webauthn:extension:credBlob: true, webauthn:extension:largeBlob: true, webauthn:virtualAuthenticators: true}
Session ID: 70d1a0e2d979603a409a2008d66a4325
*** Element info: {Using=xpath, value=//*[@class='single_add_to_cart_button button alt']} 
2022-02-06 20:56:38,318 ERROR [Log] view_cart() FAILED with cause : no such element: Unable to locate element: {"method":"xpath","selector":"//*[text()='View Cart']"}
  (Session info: chrome=98.0.4758.81)
For documentation on this error, please visit: https://www.seleniumhq.org/exceptions/no_such_element.html
Build info: version: '3.141.59', revision: 'e82be7d358', time: '2018-11-14T08:17:03'
System info: host: 'KILLERDEADPOOL', ip: '192.168.72.2', os.name: 'Windows 10', os.arch: 'amd64', os.version: '10.0', java.version: '14.0.1'
Driver info: org.openqa.selenium.chrome.ChromeDriver
Capabilities {acceptInsecureCerts: false, browserName: chrome, browserVersion: 98.0.4758.81, chrome: {chromedriverVersion: 98.0.4758.80 (7f0488e8ba0d8..., userDataDir: C:\Users\Burak\AppData\Loca...}, goog:chromeOptions: {debuggerAddress: localhost:56755}, javascriptEnabled: true, networkConnectionEnabled: false, pageLoadStrategy: normal, platform: WINDOWS, platformName: WINDOWS, proxy: Proxy(), setWindowRect: true, strictFileInteractability: false, timeouts: {implicit: 0, pageLoad: 300000, script: 30000}, unhandledPromptBehavior: dismiss and notify, webauthn:extension:credBlob: true, webauthn:extension:largeBlob: true, webauthn:virtualAuthenticators: true}
Session ID: 70d1a0e2d979603a409a2008d66a4325
*** Element info: {Using=xpath, value=//*[text()='View Cart']} 
2022-02-06 20:56:43,369 ERROR [Log] apply_coupon() FAILED with cause : no such element: Unable to locate element: {"method":"css selector","selector":"#coupon_code"}
  (Session info: chrome=98.0.4758.81)
For documentation on this error, please visit: https://www.seleniumhq.org/exceptions/no_such_element.html
Build info: version: '3.141.59', revision: 'e82be7d358', time: '2018-11-14T08:17:03'
System info: host: 'KILLERDEADPOOL', ip: '192.168.72.2', os.name: 'Windows 10', os.arch: 'amd64', os.version: '10.0', java.version: '14.0.1'
Driver info: org.openqa.selenium.chrome.ChromeDriver
Capabilities {acceptInsecureCerts: false, browserName: chrome, browserVersion: 98.0.4758.81, chrome: {chromedriverVersion: 98.0.4758.80 (7f0488e8ba0d8..., userDataDir: C:\Users\Burak\AppData\Loca...}, goog:chromeOptions: {debuggerAddress: localhost:56755}, javascriptEnabled: true, networkConnectionEnabled: false, pageLoadStrategy: normal, platform: WINDOWS, platformName: WINDOWS, proxy: Proxy(), setWindowRect: true, strictFileInteractability: false, timeouts: {implicit: 0, pageLoad: 300000, script: 30000}, unhandledPromptBehavior: dismiss and notify, webauthn:extension:credBlob: true, webauthn:extension:largeBlob: true, webauthn:virtualAuthenticators: true}
Session ID: 70d1a0e2d979603a409a2008d66a4325
*** Element info: {Using=id, value=coupon_code} 
2022-02-06 20:57:49,914 INFO  [Log] click_hover_menu() PASSED 
2022-02-06 20:58:01,904 INFO  [Log] click_a_item() PASSED 
2022-02-06 20:58:06,452 ERROR [Log] click_shop_now() FAILED with cause : Not a correct url! ==> expected: <true> but was: <false> 
2022-02-06 20:58:23,433 INFO  [Log] add_product_to_cart() PASSED 
2022-02-06 20:58:33,643 INFO  [Log] view_cart() PASSED 
2022-02-06 20:58:44,320 INFO  [Log] apply_coupon() PASSED 
2022-02-06 21:01:30,568 INFO  [Log] click_hover_menu() PASSED 
2022-02-06 21:01:36,780 INFO  [Log] click_a_item() PASSED 
2022-02-06 21:01:40,791 INFO  [Log] click_shop_now() PASSED 
2022-02-06 21:01:57,497 INFO  [Log] add_product_to_cart() PASSED 
2022-02-06 21:02:07,804 INFO  [Log] view_cart() PASSED 
2022-02-06 21:02:18,428 INFO  [Log] apply_coupon() PASSED 
2022-02-06 21:31:34,406 INFO  [Log] click_hover_menu() PASSED 
2022-02-06 21:32:02,011 INFO  [Log] click_a_item() PASSED 
2022-02-06 21:32:17,415 INFO  [Log] click_shop_now() PASSED 
2022-02-06 21:32:42,380 INFO  [Log] add_product_to_cart() PASSED 
2022-02-06 21:32:53,025 INFO  [Log] view_cart() PASSED 
2022-02-06 21:33:04,210 INFO  [Log] apply_coupon() PASSED 
